<?xml version="1.0" encoding="UTF-8"?>
<testng-results skipped="0" failed="1" total="3" passed="2">
  <reporter-output>
  </reporter-output>
  <suite name="Default suite" duration-ms="113853" started-at="2017-09-10T15:18:15Z" finished-at="2017-09-10T15:20:09Z">
    <groups>
    </groups>
    <test name="Default test" duration-ms="113853" started-at="2017-09-10T15:18:15Z" finished-at="2017-09-10T15:20:09Z">
      <class name="com.cottonon.userTest.mainTest">
        <test-method status="PASS" signature="beforeClass()[pri:0, instance:com.cottonon.userTest.mainTest@523884b2]" name="beforeClass" is-config="true" duration-ms="59026" started-at="2017-09-10T20:48:15Z" finished-at="2017-09-10T20:49:14Z">
          <reporter-output>
          </reporter-output>
        </test-method> <!-- beforeClass -->
        <test-method status="PASS" signature="a_homepagetest()[pri:0, instance:com.cottonon.userTest.mainTest@523884b2]" name="a_homepagetest" duration-ms="26452" started-at="2017-09-10T20:49:14Z" finished-at="2017-09-10T20:49:40Z">
          <reporter-output>
          </reporter-output>
        </test-method> <!-- a_homepagetest -->
        <test-method status="PASS" signature="beforeMethod()[pri:0, instance:com.cottonon.userTest.mainTest@523884b2]" name="beforeMethod" is-config="true" duration-ms="0" started-at="2017-09-10T20:49:14Z" finished-at="2017-09-10T20:49:14Z">
          <reporter-output>
          </reporter-output>
        </test-method> <!-- beforeMethod -->
        <test-method status="PASS" signature="afterMethod()[pri:0, instance:com.cottonon.userTest.mainTest@523884b2]" name="afterMethod" is-config="true" duration-ms="0" started-at="2017-09-10T20:49:40Z" finished-at="2017-09-10T20:49:40Z">
          <reporter-output>
          </reporter-output>
        </test-method> <!-- afterMethod -->
        <test-method status="PASS" signature="beforeMethod()[pri:0, instance:com.cottonon.userTest.mainTest@523884b2]" name="beforeMethod" is-config="true" duration-ms="0" started-at="2017-09-10T20:49:40Z" finished-at="2017-09-10T20:49:40Z">
          <reporter-output>
          </reporter-output>
        </test-method> <!-- beforeMethod -->
        <test-method status="FAIL" signature="c_searchtest()[pri:0, instance:com.cottonon.userTest.mainTest@523884b2]" name="c_searchtest" duration-ms="22077" started-at="2017-09-10T20:49:40Z" finished-at="2017-09-10T20:50:02Z">
          <exception class="org.openqa.selenium.NoSuchElementException">
            <message>
              <![CDATA[Unable to locate element: {"method":"xpath","selector":"//div[@id='4fe8cf0b07f884cb9bf3a0b21b' and @data-itemid='9350486068348']/div[3]/h2/a"}
Command duration or timeout: 10.36 seconds
For documentation on this error, please visit: http://seleniumhq.org/exceptions/no_such_element.html
Build info: version: '2.53.1', revision: 'a36b8b1', time: '2016-06-30 17:32:46'
System info: host: 'AMIR-PC', ip: '192.168.20.4', os.name: 'Windows 7', os.arch: 'amd64', os.version: '6.1', java.version: '1.8.0_51'
Driver info: org.openqa.selenium.firefox.FirefoxDriver
Capabilities [{applicationCacheEnabled=true, rotatable=false, handlesAlerts=true, databaseEnabled=true, version=47.0.1, platform=WINDOWS, nativeEvents=false, acceptSslCerts=true, webStorageEnabled=true, locationContextEnabled=true, browserName=firefox, takesScreenshot=true, javascriptEnabled=true, cssSelectorsEnabled=true}]
Session ID: 951b12a5-4697-45a1-bc58-8b9a6869cc7d
*** Element info: {Using=xpath, value=//div[@id='4fe8cf0b07f884cb9bf3a0b21b' and @data-itemid='9350486068348']/div[3]/h2/a}]]>
            </message>
            <full-stacktrace>
              <![CDATA[org.openqa.selenium.NoSuchElementException: Unable to locate element: {"method":"xpath","selector":"//div[@id='4fe8cf0b07f884cb9bf3a0b21b' and @data-itemid='9350486068348']/div[3]/h2/a"}
Command duration or timeout: 10.36 seconds
For documentation on this error, please visit: http://seleniumhq.org/exceptions/no_such_element.html
Build info: version: '2.53.1', revision: 'a36b8b1', time: '2016-06-30 17:32:46'
System info: host: 'AMIR-PC', ip: '192.168.20.4', os.name: 'Windows 7', os.arch: 'amd64', os.version: '6.1', java.version: '1.8.0_51'
Driver info: org.openqa.selenium.firefox.FirefoxDriver
Capabilities [{applicationCacheEnabled=true, rotatable=false, handlesAlerts=true, databaseEnabled=true, version=47.0.1, platform=WINDOWS, nativeEvents=false, acceptSslCerts=true, webStorageEnabled=true, locationContextEnabled=true, browserName=firefox, takesScreenshot=true, javascriptEnabled=true, cssSelectorsEnabled=true}]
Session ID: 951b12a5-4697-45a1-bc58-8b9a6869cc7d
*** Element info: {Using=xpath, value=//div[@id='4fe8cf0b07f884cb9bf3a0b21b' and @data-itemid='9350486068348']/div[3]/h2/a}
	at sun.reflect.NativeConstructorAccessorImpl.newInstance0(Native Method)
	at sun.reflect.NativeConstructorAccessorImpl.newInstance(Unknown Source)
	at sun.reflect.DelegatingConstructorAccessorImpl.newInstance(Unknown Source)
	at java.lang.reflect.Constructor.newInstance(Unknown Source)
	at org.openqa.selenium.remote.ErrorHandler.createThrowable(ErrorHandler.java:206)
	at org.openqa.selenium.remote.ErrorHandler.throwIfResponseFailed(ErrorHandler.java:158)
	at org.openqa.selenium.remote.RemoteWebDriver.execute(RemoteWebDriver.java:678)
	at org.openqa.selenium.remote.RemoteWebDriver.findElement(RemoteWebDriver.java:363)
	at org.openqa.selenium.remote.RemoteWebDriver.findElementByXPath(RemoteWebDriver.java:500)
	at org.openqa.selenium.By$ByXPath.findElement(By.java:361)
	at org.openqa.selenium.remote.RemoteWebDriver.findElement(RemoteWebDriver.java:355)
	at com.cottonon.userTest.mainTest.c_searchtest(mainTest.java:77)
	at sun.reflect.NativeMethodAccessorImpl.invoke0(Native Method)
	at sun.reflect.NativeMethodAccessorImpl.invoke(Unknown Source)
	at sun.reflect.DelegatingMethodAccessorImpl.invoke(Unknown Source)
	at java.lang.reflect.Method.invoke(Unknown Source)
	at org.testng.internal.MethodInvocationHelper.invokeMethod(MethodInvocationHelper.java:85)
	at org.testng.internal.Invoker.invokeMethod(Invoker.java:639)
	at org.testng.internal.Invoker.invokeTestMethod(Invoker.java:816)
	at org.testng.internal.Invoker.invokeTestMethods(Invoker.java:1124)
	at org.testng.internal.TestMethodWorker.invokeTestMethods(TestMethodWorker.java:125)
	at org.testng.internal.TestMethodWorker.run(TestMethodWorker.java:108)
	at org.testng.TestRunner.privateRun(TestRunner.java:774)
	at org.testng.TestRunner.run(TestRunner.java:624)
	at org.testng.SuiteRunner.runTest(SuiteRunner.java:359)
	at org.testng.SuiteRunner.runSequentially(SuiteRunner.java:354)
	at org.testng.SuiteRunner.privateRun(SuiteRunner.java:312)
	at org.testng.SuiteRunner.run(SuiteRunner.java:261)
	at org.testng.SuiteRunnerWorker.runSuite(SuiteRunnerWorker.java:52)
	at org.testng.SuiteRunnerWorker.run(SuiteRunnerWorker.java:86)
	at org.testng.TestNG.runSuitesSequentially(TestNG.java:1215)
	at org.testng.TestNG.runSuitesLocally(TestNG.java:1140)
	at org.testng.TestNG.run(TestNG.java:1048)
	at org.testng.remote.AbstractRemoteTestNG.run(AbstractRemoteTestNG.java:132)
	at org.testng.remote.RemoteTestNG.initAndRun(RemoteTestNG.java:236)
	at org.testng.remote.RemoteTestNG.main(RemoteTestNG.java:81)
Caused by: org.openqa.selenium.NoSuchElementException: Unable to locate element: {"method":"xpath","selector":"//div[@id='4fe8cf0b07f884cb9bf3a0b21b' and @data-itemid='9350486068348']/div[3]/h2/a"}
For documentation on this error, please visit: http://seleniumhq.org/exceptions/no_such_element.html
Build info: version: '2.53.1', revision: 'a36b8b1', time: '2016-06-30 17:32:46'
System info: host: 'AMIR-PC', ip: '192.168.20.4', os.name: 'Windows 7', os.arch: 'amd64', os.version: '6.1', java.version: '1.8.0_51'
Driver info: driver.version: unknown
	at <anonymous class>.FirefoxDriver.prototype.findElementInternal_(file:///C:/Users/AMIR/AppData/Local/Temp/anonymous9088179511503612735webdriver-profile/extensions/fxdriver@googlecode.com/components/driver-component.js:10770)
	at <anonymous class>.fxdriver.Timer.prototype.setTimeout/<.notify(file:///C:/Users/AMIR/AppData/Local/Temp/anonymous9088179511503612735webdriver-profile/extensions/fxdriver@googlecode.com/components/driver-component.js:625)
]]>
            </full-stacktrace>
          </exception> <!-- org.openqa.selenium.NoSuchElementException -->
          <reporter-output>
          </reporter-output>
        </test-method> <!-- c_searchtest -->
        <test-method status="PASS" signature="afterMethod()[pri:0, instance:com.cottonon.userTest.mainTest@523884b2]" name="afterMethod" is-config="true" duration-ms="2" started-at="2017-09-10T20:50:02Z" finished-at="2017-09-10T20:50:02Z">
          <reporter-output>
          </reporter-output>
        </test-method> <!-- afterMethod -->
        <test-method status="PASS" signature="beforeMethod()[pri:0, instance:com.cottonon.userTest.mainTest@523884b2]" name="beforeMethod" is-config="true" duration-ms="1" started-at="2017-09-10T20:50:02Z" finished-at="2017-09-10T20:50:02Z">
          <reporter-output>
          </reporter-output>
        </test-method> <!-- beforeMethod -->
        <test-method status="PASS" signature="d_mybagtest()[pri:0, instance:com.cottonon.userTest.mainTest@523884b2]" name="d_mybagtest" duration-ms="391" started-at="2017-09-10T20:50:02Z" finished-at="2017-09-10T20:50:03Z">
          <reporter-output>
          </reporter-output>
        </test-method> <!-- d_mybagtest -->
        <test-method status="PASS" signature="afterMethod()[pri:0, instance:com.cottonon.userTest.mainTest@523884b2]" name="afterMethod" is-config="true" duration-ms="0" started-at="2017-09-10T20:50:03Z" finished-at="2017-09-10T20:50:03Z">
          <reporter-output>
          </reporter-output>
        </test-method> <!-- afterMethod -->
        <test-method status="PASS" signature="afterClass()[pri:0, instance:com.cottonon.userTest.mainTest@523884b2]" name="afterClass" is-config="true" duration-ms="5795" started-at="2017-09-10T20:50:03Z" finished-at="2017-09-10T20:50:09Z">
          <reporter-output>
          </reporter-output>
        </test-method> <!-- afterClass -->
      </class> <!-- com.cottonon.userTest.mainTest -->
    </test> <!-- Default test -->
  </suite> <!-- Default suite -->
</testng-results>
